#
# There is insufficient memory for the Java Runtime Environment to continue.
# Native memory allocation (mmap) failed to map 132120576 bytes for Failed to commit area from 0x0000000082400000 to 0x000000008a200000 of length 132120576.
# Possible reasons:
#   The system is out of physical RAM or swap space
#   The process is running with CompressedOops enabled, and the Java Heap may be blocking the growth of the native heap
# Possible solutions:
#   Reduce memory load on the system
#   Increase physical memory or swap space
#   Check if swap backing store is full
#   Decrease Java heap size (-Xmx/-Xms)
#   Decrease number of Java threads
#   Decrease Java thread stack sizes (-Xss)
#   Set larger code cache with -XX:ReservedCodeCacheSize=
#   JVM is running with Unscaled Compressed Oops mode in which the Java heap is
#     placed in the first 4GB address space. The Java Heap base address is the
#     maximum limit for the native heap growth. Please use -XX:HeapBaseMinAddress
#     to set the Java Heap base and to place the Java Heap above 4GB virtual address.
# This output file may be truncated or incomplete.
#
#  Out of Memory Error (./open/src/hotspot/os/windows/os_windows.cpp:3315), pid=9460, tid=12204
#
# JRE version:  (14.0.2+12) (build )
# Java VM: OpenJDK 64-Bit Server VM (14.0.2+12-46, mixed mode, sharing, tiered, compressed oops, g1 gc, windows-amd64)
# No core dump will be written. Minidumps are not enabled by default on client versions of Windows
#

---------------  S U M M A R Y ------------

Command Line: -Dfile.encoding=Cp1252 -XX:+ShowCodeDetailsInExceptionMessages finalActivity.Calculator

Host: Intel(R) Core(TM) i5-8250U CPU @ 1.60GHz, 8 cores, 7G,  Windows 10 , 64 bit Build 18362 (10.0.18362.1110)
Time: Fri Oct 23 12:47:33 2020 FLE Daylight Time elapsed time: 0 seconds (0d 0h 0m 0s)

---------------  T H R E A D  ---------------

Current thread (0x000002215af3c000):  JavaThread "Unknown thread" [_thread_in_vm, id=12204, stack(0x0000004334f00000,0x0000004335000000)]

Stack: [0x0000004334f00000,0x0000004335000000]
Native frames: (J=compiled Java code, j=interpreted, Vv=VM code, C=native code)
V  [jvm.dll+0x5f8a9a]
V  [jvm.dll+0x74247a]
V  [jvm.dll+0x743c2f]
V  [jvm.dll+0x744273]
V  [jvm.dll+0x20d288]
V  [jvm.dll+0x5f5dea]
V  [jvm.dll+0x5eac45]
V  [jvm.dll+0x2c7e9c]
V  [jvm.dll+0x2c7cd2]
V  [jvm.dll+0x2cdbbc]
V  [jvm.dll+0x313fe8]
V  [jvm.dll+0x313710]
V  [jvm.dll+0x2a092a]
V  [jvm.dll+0x2a1a79]
V  [jvm.dll+0x71fd48]
V  [jvm.dll+0x321c14]
V  [jvm.dll+0x70112c]
V  [jvm.dll+0x392def]
V  [jvm.dll+0x394e61]
C  [jli.dll+0x524b]
C  [ucrtbase.dll+0x210b2]
C  [KERNEL32.DLL+0x17c24]
C  [ntdll.dll+0x6cea1]


---------------  P R O C E S S  ---------------

Threads class SMR info:
_java_thread_list=0x00007ff908753038, length=0, elements={
}

Java Threads: ( => current thread )

Other Threads:
  0x000002215af7e800 GCTaskThread "GC Thread#0" [stack: 0x0000004335000000,0x0000004335100000] [id=12460]
  0x000002215af92000 ConcurrentGCThread "G1 Main Marker" [stack: 0x0000004335100000,0x0000004335200000] [id=100]
  0x000002215af94000 ConcurrentGCThread "G1 Conc#0" [stack: 0x0000004335200000,0x0000004335300000] [id=14148]

[error occurred during error reporting (printing all threads), id 0xc0000005, EXCEPTION_ACCESS_VIOLATION (0xc0000005) at pc=0x00007ff907f81257]

VM state:not at safepoint (not fully initialized)

VM Mutex/Monitor currently owned by a thread:  ([mutex/lock_event])
[0x000002215af37bb0] Heap_lock - owner thread: 0x000002215af3c000

Heap address: 0x0000000082400000, size: 2012 MB, Compressed Oops mode: 32-bit
Narrow klass base: 0x0000000000000000, Narrow klass shift: 0

GC Heap History (0 events):
No events

Deoptimization events (0 events):
No events

Classes unloaded (0 events):
No events

Classes redefined (0 events):
No events

Internal exceptions (0 events):
No events

Events (2 events):
Event: 0.008 Loaded shared library C:\Users\Vitalijs\.p2\pool\plugins\org.eclipse.justj.openjdk.hotspot.jre.full.win32.x86_64_14.0.2.v20200815-0932\jre\bin\java.dll
Event: 0.009 Loaded shared library C:\Users\Vitalijs\.p2\pool\plugins\org.eclipse.justj.openjdk.hotspot.jre.full.win32.x86_64_14.0.2.v20200815-0932\jre\bin\zip.dll


Dynamic libraries:
0x00007ff7142a0000 - 0x00007ff7142ad000 	C:\Users\Vitalijs\.p2\pool\plugins\org.eclipse.justj.openjdk.hotspot.jre.full.win32.x86_64_14.0.2.v20200815-0932\jre\bin\javaw.exe
0x00007ff95c600000 - 0x00007ff95c7f0000 	C:\Windows\SYSTEM32\ntdll.dll
0x00007ff95bea0000 - 0x00007ff95bf52000 	C:\Windows\System32\KERNEL32.DLL
0x00007ff959590000 - 0x00007ff959835000 	C:\Windows\System32\KERNELBASE.dll
0x00007ff95a0a0000 - 0x00007ff95a19a000 	C:\Windows\System32\ucrtbase.dll
0x00007ff93c500000 - 0x00007ff93c515000 	C:\Users\Vitalijs\.p2\pool\plugins\org.eclipse.justj.openjdk.hotspot.jre.full.win32.x86_64_14.0.2.v20200815-0932\jre\bin\VCRUNTIME140.dll
0x00007ff93c4e0000 - 0x00007ff93c4f8000 	C:\Users\Vitalijs\.p2\pool\plugins\org.eclipse.justj.openjdk.hotspot.jre.full.win32.x86_64_14.0.2.v20200815-0932\jre\bin\jli.dll
0x00007ff95bf60000 - 0x00007ff95c0f4000 	C:\Windows\System32\USER32.dll
0x00007ff95a600000 - 0x00007ff95a621000 	C:\Windows\System32\win32u.dll
0x00007ff95be10000 - 0x00007ff95be36000 	C:\Windows\System32\GDI32.dll
0x00007ff9479b0000 - 0x00007ff947c34000 	C:\Windows\WinSxS\amd64_microsoft.windows.common-controls_6595b64144ccf1df_6.0.18362.1139_none_9e7bf2d3e4605ac6\COMCTL32.dll
0x00007ff95a1a0000 - 0x00007ff95a336000 	C:\Windows\System32\gdi32full.dll
0x00007ff95b590000 - 0x00007ff95b62e000 	C:\Windows\System32\msvcrt.dll
0x00007ff95a390000 - 0x00007ff95a42e000 	C:\Windows\System32\msvcp_win.dll
0x00007ff95a9c0000 - 0x00007ff95acf5000 	C:\Windows\System32\combase.dll
0x00007ff95b840000 - 0x00007ff95b960000 	C:\Windows\System32\RPCRT4.dll
0x00007ff95a630000 - 0x00007ff95a6b0000 	C:\Windows\System32\bcryptPrimitives.dll
0x00007ff95b6a0000 - 0x00007ff95b6ce000 	C:\Windows\System32\IMM32.DLL
0x00007ff928550000 - 0x00007ff9285eb000 	C:\Users\Vitalijs\.p2\pool\plugins\org.eclipse.justj.openjdk.hotspot.jre.full.win32.x86_64_14.0.2.v20200815-0932\jre\bin\msvcp140.dll
0x00007ff907cd0000 - 0x00007ff9087ee000 	C:\Users\Vitalijs\.p2\pool\plugins\org.eclipse.justj.openjdk.hotspot.jre.full.win32.x86_64_14.0.2.v20200815-0932\jre\bin\server\jvm.dll
0x00007ff95c260000 - 0x00007ff95c303000 	C:\Windows\System32\ADVAPI32.dll
0x00007ff95c310000 - 0x00007ff95c3a7000 	C:\Windows\System32\sechost.dll
0x00007ff95b830000 - 0x00007ff95b838000 	C:\Windows\System32\PSAPI.DLL
0x00007ff93ea40000 - 0x00007ff93ea49000 	C:\Windows\SYSTEM32\WSOCK32.dll
0x00007ff955d40000 - 0x00007ff955d64000 	C:\Windows\SYSTEM32\WINMM.dll
0x00007ff952650000 - 0x00007ff95265a000 	C:\Windows\SYSTEM32\VERSION.dll
0x00007ff95b630000 - 0x00007ff95b69f000 	C:\Windows\System32\WS2_32.dll
0x00007ff955d10000 - 0x00007ff955d3d000 	C:\Windows\SYSTEM32\winmmbase.dll
0x00007ff95a340000 - 0x00007ff95a38a000 	C:\Windows\System32\cfgmgr32.dll
0x00007ff959550000 - 0x00007ff959561000 	C:\Windows\System32\kernel.appcore.dll
0x00007ff9517e0000 - 0x00007ff9517ea000 	C:\Users\Vitalijs\.p2\pool\plugins\org.eclipse.justj.openjdk.hotspot.jre.full.win32.x86_64_14.0.2.v20200815-0932\jre\bin\jimage.dll
0x00007ff957db0000 - 0x00007ff957fa4000 	C:\Windows\SYSTEM32\DBGHELP.DLL
0x00007ff937fd0000 - 0x00007ff937ffa000 	C:\Windows\SYSTEM32\dbgcore.DLL
0x00007ff93cdd0000 - 0x00007ff93cdf5000 	C:\Users\Vitalijs\.p2\pool\plugins\org.eclipse.justj.openjdk.hotspot.jre.full.win32.x86_64_14.0.2.v20200815-0932\jre\bin\java.dll
0x00007ff943590000 - 0x00007ff9435a6000 	C:\Users\Vitalijs\.p2\pool\plugins\org.eclipse.justj.openjdk.hotspot.jre.full.win32.x86_64_14.0.2.v20200815-0932\jre\bin\zip.dll

dbghelp: loaded successfully - version: 4.0.5 - missing functions: none
symbol engine: initialized successfully - sym options: 0x614 - pdb path: .;C:\Users\Vitalijs\.p2\pool\plugins\org.eclipse.justj.openjdk.hotspot.jre.full.win32.x86_64_14.0.2.v20200815-0932\jre\bin;C:\Windows\SYSTEM32;C:\Windows\WinSxS\amd64_microsoft.windows.common-controls_6595b64144ccf1df_6.0.18362.1139_none_9e7bf2d3e4605ac6;C:\Users\Vitalijs\.p2\pool\plugins\org.eclipse.justj.openjdk.hotspot.jre.full.win32.x86_64_14.0.2.v20200815-0932\jre\bin\server

VM Arguments:
jvm_args: -Dfile.encoding=Cp1252 -XX:+ShowCodeDetailsInExceptionMessages 
java_command: finalActivity.Calculator
java_class_path (initial): C:\Users\Vitalijs\git\JavaBootCamp\SEF\bin;C:\Users\Vitalijs\git\JavaBootCamp\SEF\lib\mysql-connector-java-5.1.6-bin.jar;C:\Users\Vitalijs\git\JavaBootCamp\SEF\lib\commons-logging.jar;C:\Users\Vitalijs\git\JavaBootCamp\SEF\lib\junit.jar;C:\Users\Vitalijs\.p2\pool\plugins\org.junit_4.13.0.v20200204-1500.jar;C:\Users\Vitalijs\.p2\pool\plugins\org.hamcrest.core_1.3.0.v20180420-1519.jar
Launcher Type: SUN_STANDARD

[Global flags]
     intx CICompilerCount                          = 4                                         {product} {ergonomic}
     uint ConcGCThreads                            = 2                                         {product} {ergonomic}
     uint G1ConcRefinementThreads                  = 8                                         {product} {ergonomic}
   size_t G1HeapRegionSize                         = 1048576                                   {product} {ergonomic}
    uintx GCDrainStackTargetSize                   = 64                                        {product} {ergonomic}
   size_t InitialHeapSize                          = 132120576                                 {product} {ergonomic}
   size_t MarkStackSize                            = 4194304                                   {product} {ergonomic}
   size_t MaxHeapSize                              = 2109734912                                {product} {ergonomic}
   size_t MinHeapDeltaBytes                        = 1048576                                   {product} {ergonomic}
   size_t MinHeapSize                              = 8388608                                   {product} {ergonomic}
    uintx NonNMethodCodeHeapSize                   = 5839372                                {pd product} {ergonomic}
    uintx NonProfiledCodeHeapSize                  = 122909434                              {pd product} {ergonomic}
    uintx ProfiledCodeHeapSize                     = 122909434                              {pd product} {ergonomic}
    uintx ReservedCodeCacheSize                    = 251658240                              {pd product} {ergonomic}
     bool SegmentedCodeCache                       = true                                      {product} {ergonomic}
     bool ShowCodeDetailsInExceptionMessages       = true                                   {manageable} {command line}
   size_t SoftMaxHeapSize                          = 2109734912                             {manageable} {ergonomic}
     bool UseCompressedClassPointers               = true                                 {lp64_product} {ergonomic}
     bool UseCompressedOops                        = true                                 {lp64_product} {ergonomic}
     bool UseG1GC                                  = true                                      {product} {ergonomic}
     bool UseLargePagesIndividualAllocation        = false                                  {pd product} {ergonomic}

Logging:
Log output configuration:
 #0: stdout all=warning uptime,level,tags
 #1: stderr all=off uptime,level,tags

Environment Variables:
PATH=C:/Users/Vitalijs/.p2/pool/plugins/org.eclipse.justj.openjdk.hotspot.jre.full.win32.x86_64_14.0.2.v20200815-0932/jre/bin/server;C:/Users/Vitalijs/.p2/pool/plugins/org.eclipse.justj.openjdk.hotspot.jre.full.win32.x86_64_14.0.2.v20200815-0932/jre/bin;C:\Program Files (x86)\Common Files\Oracle\Java\javapath;C:\Windows\system32;C:\Windows;C:\Windows\System32\Wbem;C:\Windows\System32\WindowsPowerShell\v1.0\;C:\Windows\System32\OpenSSH\;C:\Program Files\Intel\WiFi\bin\;C:\Program Files\Common Files\Intel\WirelessCommon\;C:\Program Files\Microsoft SQL Server\130\Tools\Binn\;C:\Program Files\Microsoft SQL Server\Client SDK\ODBC\170\Tools\Binn\;C:\Program Files\dotnet\;C:\Program Files\Git\cmd;C:\Program Files\MySQL\MySQL Shell 8.0\bin\;C:\Users\Vitalijs\AppData\Local\Microsoft\WindowsApps;C:\Users\Vitalijs\.dotnet\tools;C:\Users\Vitalijs\Desktop;
USERNAME=Vitalijs
OS=Windows_NT
PROCESSOR_IDENTIFIER=Intel64 Family 6 Model 142 Stepping 10, GenuineIntel



---------------  S Y S T E M  ---------------

OS: Windows 10 , 64 bit Build 18362 (10.0.18362.1110)
OS uptime: 0 days 4:03 hours

CPU:total 8 (initial active 8) (4 cores per cpu, 2 threads per core) family 6 model 142 stepping 10, cmov, cx8, fxsr, mmx, sse, sse2, sse3, ssse3, sse4.1, sse4.2, popcnt, avx, avx2, aes, clmul, erms, 3dnowpref, lzcnt, ht, tsc, tscinvbit, bmi1, bmi2, adx, fma

Memory: 4k page, system-wide physical 8045M (1245M free)
TotalPageFile size 10093M (AvailPageFile size 126M)
current process WorkingSet (physical memory assigned to process): 10M, peak: 10M
current process commit charge ("private bytes"): 60M, peak: 186M

vm_info: OpenJDK 64-Bit Server VM (14.0.2+12-46) for windows-amd64 JRE (14.0.2+12-46), built on Jul  9 2020 00:31:16 by "mach5one" with MS VC++ 15.9 (VS2017)

END.
